<?xml version="1.0" encoding="UTF-8"?>
<!-- Generated by org.testng.reporters.JUnitReportReporter -->
<testsuite skipped="0" hostname="K2A4769" name="com.genericode.Forgotpwd" tests="1" failures="0" timestamp="04 Dec 2019 18:46:41 GMT" time="30.444" errors="0">
  <testcase name="password" time="30.444" classname="com.genericode.Forgotpwd"/>
</testsuite> <!-- com.genericode.Forgotpwd -->
