<?xml version="1.0" encoding="UTF-8"?>
<!-- Generated by org.testng.reporters.JUnitReportReporter -->
<testsuite skipped="1" hostname="K2A4769" name="com.genericode.Key2ActIoT" tests="3" failures="0" timestamp="27 Nov 2019 15:37:01 GMT" time="51.821" errors="0">
  <testcase name="ManageAgent" time="51.590" classname="com.genericode.Key2ActIoT"/>
  <testcase name="IOT" time="0.231" classname="com.genericode.Key2ActIoT"/>
  <testcase name="Agent" classname="com.genericode.Key2ActIoT">
    <skipped/>
  </testcase> <!-- Agent -->
</testsuite> <!-- com.genericode.Key2ActIoT -->
