<?xml version="1.0" encoding="UTF-8"?>
<!-- Generated by org.testng.reporters.JUnitReportReporter -->
<testsuite skipped="0" hostname="K2A4769" name="com.genericode.Key2ActLogin" tests="1" failures="0" timestamp="21 Jan 2020 19:37:27 GMT" time="15.428" errors="0">
  <testcase name="setup" time="15.428" classname="com.genericode.Key2ActLogin"/>
</testsuite> <!-- com.genericode.Key2ActLogin -->
