<?xml version="1.0" encoding="UTF-8"?>
<!-- Generated by org.testng.reporters.JUnitReportReporter -->
<testsuite skipped="1" hostname="K2A4769" name="com.genericode.Key2ActIoT" tests="3" failures="0" timestamp="04 Dec 2019 18:37:09 GMT" time="55.513" errors="0">
  <testcase name="ManageAgent" time="52.195" classname="com.genericode.Key2ActIoT"/>
  <testcase name="IOT" time="3.318" classname="com.genericode.Key2ActIoT"/>
  <testcase name="Agent" classname="com.genericode.Key2ActIoT">
    <skipped/>
  </testcase> <!-- Agent -->
</testsuite> <!-- com.genericode.Key2ActIoT -->
