<?xml version="1.0" encoding="UTF-8"?>
<!-- Generated by org.testng.reporters.JUnitReportReporter -->
<testsuite skipped="0" hostname="K2A4769" name="com.genericode.Key2ActLogin" tests="1" failures="0" timestamp="05 Dec 2019 13:57:14 GMT" time="14.494" errors="0">
  <testcase name="setup" time="14.494" classname="com.genericode.Key2ActLogin"/>
</testsuite> <!-- com.genericode.Key2ActLogin -->
