<?xml version="1.0" encoding="UTF-8"?>
<!-- Generated by org.testng.reporters.JUnitReportReporter -->
<testsuite skipped="0" hostname="K2A4769" name="com.genericode.Key2ActIoT" tests="2" failures="0" timestamp="14 Nov 2019 20:00:00 GMT" time="3.635" errors="0">
  <testcase name="IOT" time="0.235" classname="com.genericode.Key2ActIoT"/>
  <testcase name="Agent" time="3.400" classname="com.genericode.Key2ActIoT"/>
</testsuite> <!-- com.genericode.Key2ActIoT -->
