<?xml version="1.0" encoding="UTF-8"?>
<!-- Generated by org.testng.reporters.JUnitReportReporter -->
<testsuite skipped="0" hostname="K2A4769" name="com.genericode.Key2ActSignUp" tests="1" failures="0" timestamp="14 Nov 2019 20:00:00 GMT" time="20.703" errors="0">
  <testcase name="signuppage" time="20.703" classname="com.genericode.Key2ActSignUp"/>
</testsuite> <!-- com.genericode.Key2ActSignUp -->
