<?xml version="1.0" encoding="UTF-8"?>
<!-- Generated by org.testng.reporters.JUnitReportReporter -->
<testsuite skipped="0" hostname="K2A4769" name="com.genericode.Key2ActLogin" tests="1" failures="0" timestamp="27 Nov 2019 19:50:44 GMT" time="15.418" errors="0">
  <testcase name="setup" time="15.418" classname="com.genericode.Key2ActLogin"/>
</testsuite> <!-- com.genericode.Key2ActLogin -->
