<?xml version="1.0" encoding="UTF-8"?>
<!-- Generated by org.testng.reporters.JUnitReportReporter -->
<testsuite skipped="0" hostname="K2A4769" name="com.genericode.Forgotpwd" tests="1" failures="0" timestamp="05 Dec 2019 17:32:30 GMT" time="30.328" errors="0">
  <testcase name="password" time="30.328" classname="com.genericode.Forgotpwd"/>
</testsuite> <!-- com.genericode.Forgotpwd -->
