<?xml version="1.0" encoding="UTF-8"?>
<!-- Generated by org.testng.reporters.JUnitReportReporter -->
<testsuite skipped="0" hostname="K2A4769" name="com.genericode.Key2ActUpdatePass" tests="1" failures="0" timestamp="05 Dec 2019 16:01:12 GMT" time="70.452" errors="0">
  <testcase name="updatepasswd" time="70.452" classname="com.genericode.Key2ActUpdatePass"/>
</testsuite> <!-- com.genericode.Key2ActUpdatePass -->
